{"/home/moosh/public_html/totaljs2015/ctg/spa-basis/spa-basis/app/models/collection.js":{"path":"/home/moosh/public_html/totaljs2015/ctg/spa-basis/spa-basis/app/models/collection.js","s":{"1":1,"2":1,"3":4},"b":{},"f":{"1":4},"fnMap":{"1":{"name":"(anonymous_1)","line":15,"loc":{"start":{"line":15,"column":13},"end":{"line":15,"column":30}}}},"statementMap":{"1":{"start":{"line":6,"column":0},"end":{"line":6,"column":35}},"2":{"start":{"line":12,"column":0},"end":{"line":18,"column":3}},"3":{"start":{"line":16,"column":2},"end":{"line":16,"column":41}}},"branchMap":{}},"/home/moosh/public_html/totaljs2015/ctg/spa-basis/spa-basis/app/models/check_in.js":{"path":"/home/moosh/public_html/totaljs2015/ctg/spa-basis/spa-basis/app/models/check_in.js","s":{"1":1,"2":1,"3":1,"4":0,"5":0,"6":0},"b":{"1":[0,0]},"f":{"1":0},"fnMap":{"1":{"name":"(anonymous_1)","line":10,"loc":{"start":{"line":10,"column":7},"end":{"line":10,"column":40}}}},"statementMap":{"1":{"start":{"line":6,"column":0},"end":{"line":6,"column":35}},"2":{"start":{"line":7,"column":0},"end":{"line":7,"column":47}},"3":{"start":{"line":9,"column":0},"end":{"line":15,"column":3}},"4":{"start":{"line":11,"column":2},"end":{"line":11,"column":39}},"5":{"start":{"line":11,"column":32},"end":{"line":11,"column":39}},"6":{"start":{"line":12,"column":2},"end":{"line":12,"column":47}}},"branchMap":{"1":{"line":11,"type":"if","locations":[{"start":{"line":11,"column":2},"end":{"line":11,"column":2}},{"start":{"line":11,"column":2},"end":{"line":11,"column":2}}]}}},"/home/moosh/public_html/totaljs2015/ctg/spa-basis/spa-basis/app/lib/connectivity.js":{"path":"/home/moosh/public_html/totaljs2015/ctg/spa-basis/spa-basis/app/lib/connectivity.js","s":{"1":1,"2":1,"3":1,"4":0,"5":1,"6":0,"7":0,"8":0,"9":0,"10":1,"11":0},"b":{"1":[0,1],"2":[1,0],"3":[0,0]},"f":{"1":0,"2":0,"3":0},"fnMap":{"1":{"name":"(anonymous_1)","line":8,"loc":{"start":{"line":8,"column":19},"end":{"line":8,"column":30}}},"2":{"name":"(anonymous_2)","line":13,"loc":{"start":{"line":13,"column":20},"end":{"line":13,"column":31}}},"3":{"name":"checkStatus","line":22,"loc":{"start":{"line":22,"column":0},"end":{"line":22,"column":23}}}},"statementMap":{"1":{"start":{"line":5,"column":0},"end":{"line":5,"column":35}},"2":{"start":{"line":6,"column":0},"end":{"line":6,"column":26}},"3":{"start":{"line":8,"column":0},"end":{"line":10,"column":2}},"4":{"start":{"line":9,"column":1},"end":{"line":9,"column":13}},"5":{"start":{"line":12,"column":0},"end":{"line":20,"column":1}},"6":{"start":{"line":13,"column":1},"end":{"line":16,"column":3}},"7":{"start":{"line":15,"column":2},"end":{"line":15,"column":26}},"8":{"start":{"line":18,"column":1},"end":{"line":18,"column":45}},"9":{"start":{"line":19,"column":1},"end":{"line":19,"column":15}},"10":{"start":{"line":22,"column":0},"end":{"line":26,"column":1}},"11":{"start":{"line":23,"column":1},"end":{"line":25,"column":3}}},"branchMap":{"1":{"line":12,"type":"if","locations":[{"start":{"line":12,"column":0},"end":{"line":12,"column":0}},{"start":{"line":12,"column":0},"end":{"line":12,"column":0}}]},"2":{"line":12,"type":"binary-expr","locations":[{"start":{"line":12,"column":4},"end":{"line":12,"column":36}},{"start":{"line":12,"column":40},"end":{"line":12,"column":61}}]},"3":{"line":24,"type":"cond-expr","locations":[{"start":{"line":24,"column":23},"end":{"line":24,"column":44}},{"start":{"line":24,"column":47},"end":{"line":24,"column":69}}]}}}}