TN:
SF:/home/moosh/public_html/totaljs2015/ctg/spa-basis/spa-basis/app/models/collection.js
FN:15,(anonymous_1)
FNF:1
FNH:1
FNDA:4,(anonymous_1)
DA:6,1
DA:12,1
DA:16,4
LF:3
LH:3
BRF:0
BRH:0
end_of_record
TN:
SF:/home/moosh/public_html/totaljs2015/ctg/spa-basis/spa-basis/app/models/check_in.js
FN:10,(anonymous_1)
FNF:1
FNH:0
FNDA:0,(anonymous_1)
DA:6,1
DA:7,1
DA:9,1
DA:11,0
DA:12,0
LF:5
LH:3
BRDA:11,1,0,0
BRDA:11,1,1,0
BRF:2
BRH:0
end_of_record
TN:
SF:/home/moosh/public_html/totaljs2015/ctg/spa-basis/spa-basis/app/lib/connectivity.js
FN:8,(anonymous_1)
FN:13,(anonymous_2)
FN:22,checkStatus
FNF:3
FNH:0
FNDA:0,(anonymous_1)
FNDA:0,(anonymous_2)
FNDA:0,checkStatus
DA:5,1
DA:6,1
DA:8,1
DA:9,0
DA:12,1
DA:13,0
DA:15,0
DA:18,0
DA:19,0
DA:22,1
DA:23,0
LF:11
LH:5
BRDA:12,1,0,0
BRDA:12,1,1,1
BRDA:12,2,0,1
BRDA:12,2,1,0
BRDA:24,3,0,0
BRDA:24,3,1,0
BRF:6
BRH:2
end_of_record
